<?xml version="1.0" encoding="UTF-8"?>
<testng-results skipped="0" failed="0" ignored="0" total="1" passed="1">
  <reporter-output>
  </reporter-output>
  <suite name="com.org.client.rest.JsonPlaceholderRestClientTest" duration-ms="3850" started-at="2019-10-27T05:45:01Z" finished-at="2019-10-27T05:45:04Z">
    <groups>
    </groups>
    <test name="Command line test" duration-ms="3850" started-at="2019-10-27T05:45:01Z" finished-at="2019-10-27T05:45:04Z">
      <class name="com.org.client.rest.JsonPlaceholderRestClientTest">
        <test-method status="PASS" signature="testJsonPlaceholderRestClient()[pri:0, instance:com.org.client.rest.JsonPlaceholderRestClientTest@69d9c55]" name="testJsonPlaceholderRestClient" duration-ms="3821" started-at="2019-10-27T05:45:01Z" finished-at="2019-10-27T05:45:04Z">
          <reporter-output>
          </reporter-output>
        </test-method> <!-- testJsonPlaceholderRestClient -->
      </class> <!-- com.org.client.rest.JsonPlaceholderRestClientTest -->
    </test> <!-- Command line test -->
  </suite> <!-- com.org.client.rest.JsonPlaceholderRestClientTest -->
</testng-results>
